# JRE version: OpenJDK Runtime Environment (12.0.2+10) (build 12.0.2+10)
# Java VM: OpenJDK 64-Bit Server VM (12.0.2+10, mixed mode, sharing, tiered, compressed oops, g1 gc, windows-amd64)
Heap:
 garbage-first heap   total 147456K, used 95243K [0x0000000682200000, 0x0000000800000000)
  region size 1024K, 59 young (60416K), 9 survivors (9216K)
 Metaspace       used 57836K, capacity 59975K, committed 60080K, reserved 1099776K
  class space    used 8075K, capacity 8906K, committed 8960K, reserved 1048576K
GC Heap History (10 events):
Event: 3.752 GC heap before
{Heap before GC invocations=12 (full 0):
 garbage-first heap   total 264192K, used 178205K [0x0000000682200000, 0x0000000800000000)
  region size 1024K, 144 young (147456K), 8 survivors (8192K)
 Metaspace       used 27570K, capacity 28809K, committed 28976K, reserved 1075200K
  class space    used 3744K, capacity 4202K, committed 4224K, reserved 1048576K
}
Event: 3.756 GC heap after
{Heap after GC invocations=13 (full 0):
 garbage-first heap   total 264192K, used 38478K [0x0000000682200000, 0x0000000800000000)
  region size 1024K, 7 young (7168K), 7 survivors (7168K)
 Metaspace       used 27570K, capacity 28809K, committed 28976K, reserved 1075200K
  class space    used 3744K, capacity 4202K, committed 4224K, reserved 1048576K
}
Event: 4.320 GC heap before
{Heap before GC invocations=13 (full 0):
 garbage-first heap   total 264192K, used 189006K [0x0000000682200000, 0x0000000800000000)
  region size 1024K, 154 young (157696K), 7 survivors (7168K)
 Metaspace       used 28027K, capacity 29289K, committed 29616K, reserved 1075200K
  class space    used 3782K, capacity 4234K, committed 4352K, reserved 1048576K
}
Event: 4.322 GC heap after
{Heap after GC invocations=14 (full 0):
 garbage-first heap   total 264192K, used 38124K [0x0000000682200000, 0x0000000800000000)
  region size 1024K, 7 young (7168K), 7 survivors (7168K)
 Metaspace       used 28027K, capacity 29289K, committed 29616K, reserved 1075200K
  class space    used 3782K, capacity 4234K, committed 4352K, reserved 1048576K
}
Event: 9.770 GC heap before
{Heap before GC invocations=14 (full 0):
 garbage-first heap   total 264192K, used 168172K [0x0000000682200000, 0x0000000800000000)
  region size 1024K, 135 young (138240K), 7 survivors (7168K)
 Metaspace       used 34454K, capacity 35782K, committed 35888K, reserved 1079296K
  class space    used 4659K, capacity 5175K, committed 5248K, reserved 1048576K
}
Event: 9.774 GC heap after
{Heap after GC invocations=15 (full 0):
 garbage-first heap   total 264192K, used 39895K [0x0000000682200000, 0x0000000800000000)
  region size 1024K, 9 young (9216K), 9 survivors (9216K)
 Metaspace       used 34454K, capacity 35782K, committed 35888K, reserved 1079296K
  class space    used 4659K, capacity 5175K, committed 5248K, reserved 1048576K
}
Event: 10.347 GC heap before
{Heap before GC invocations=16 (full 0):
 garbage-first heap   total 147456K, used 118743K [0x0000000682200000, 0x0000000800000000)
  region size 1024K, 86 young (88064K), 9 survivors (9216K)
 Metaspace       used 43030K, capacity 44464K, committed 44720K, reserved 1087488K
  class space    used 6049K, capacity 6592K, committed 6656K, reserved 1048576K
}
Event: 10.352 GC heap after
{Heap after GC invocations=17 (full 0):
 garbage-first heap   total 147456K, used 41831K [0x0000000682200000, 0x0000000800000000)
  region size 1024K, 6 young (6144K), 6 survivors (6144K)
 Metaspace       used 43030K, capacity 44464K, committed 44720K, reserved 1087488K
  class space    used 6049K, capacity 6592K, committed 6656K, reserved 1048576K
}
Event: 10.869 GC heap before
{Heap before GC invocations=17 (full 0):
 garbage-first heap   total 147456K, used 118631K [0x0000000682200000, 0x0000000800000000)
  region size 1024K, 81 young (82944K), 6 survivors (6144K)
 Metaspace       used 50386K, capacity 52093K, committed 52272K, reserved 1093632K
  class space    used 7050K, capacity 7725K, committed 7808K, reserved 1048576K
}
Event: 10.873 GC heap after
{Heap after GC invocations=18 (full 0):
 garbage-first heap   total 147456K, used 45067K [0x0000000682200000, 0x0000000800000000)
  region size 1024K, 9 young (9216K), 9 survivors (9216K)
 Metaspace       used 50386K, capacity 52093K, committed 52272K, reserved 1093632K
  class space    used 7050K, capacity 7725K, committed 7808K, reserved 1048576K
}

