# JRE version: OpenJDK Runtime Environment (12.0.2+10) (build 12.0.2+10)
# Java VM: OpenJDK 64-Bit Server VM (12.0.2+10, mixed mode, sharing, tiered, compressed oops, g1 gc, windows-amd64)
Heap:
 garbage-first heap   total 89088K, used 31935K [0x0000000682200000, 0x0000000800000000)
  region size 1024K, 7 young (7168K), 5 survivors (5120K)
 Metaspace       used 57838K, capacity 59966K, committed 60152K, reserved 1099776K
  class space    used 8073K, capacity 8904K, committed 8952K, reserved 1048576K
GC Heap History (10 events):
Event: 9.834 GC heap before
{Heap before GC invocations=16 (full 0):
 garbage-first heap   total 89088K, used 71060K [0x0000000682200000, 0x0000000800000000)
  region size 1024K, 52 young (53248K), 4 survivors (4096K)
 Metaspace       used 39371K, capacity 40728K, committed 40952K, reserved 1083392K
  class space    used 5461K, capacity 5991K, committed 6136K, reserved 1048576K
}
Event: 9.837 GC heap after
{Heap after GC invocations=17 (full 0):
 garbage-first heap   total 89088K, used 23324K [0x0000000682200000, 0x0000000800000000)
  region size 1024K, 5 young (5120K), 5 survivors (5120K)
 Metaspace       used 39371K, capacity 40728K, committed 40952K, reserved 1083392K
  class space    used 5461K, capacity 5991K, committed 6136K, reserved 1048576K
}
Event: 10.135 GC heap before
{Heap before GC invocations=17 (full 0):
 garbage-first heap   total 89088K, used 69404K [0x0000000682200000, 0x0000000800000000)
  region size 1024K, 50 young (51200K), 5 survivors (5120K)
 Metaspace       used 44528K, capacity 45926K, committed 46072K, reserved 1089536K
  class space    used 6269K, capacity 6823K, committed 6904K, reserved 1048576K
}
Event: 10.138 GC heap after
{Heap after GC invocations=18 (full 0):
 garbage-first heap   total 89088K, used 24627K [0x0000000682200000, 0x0000000800000000)
  region size 1024K, 5 young (5120K), 5 survivors (5120K)
 Metaspace       used 44528K, capacity 45926K, committed 46072K, reserved 1089536K
  class space    used 6269K, capacity 6823K, committed 6904K, reserved 1048576K
}
Event: 10.428 GC heap before
{Heap before GC invocations=18 (full 0):
 garbage-first heap   total 89088K, used 69683K [0x0000000682200000, 0x0000000800000000)
  region size 1024K, 49 young (50176K), 5 survivors (5120K)
 Metaspace       used 49034K, capacity 50642K, committed 50808K, reserved 1093632K
  class space    used 6862K, capacity 7476K, committed 7544K, reserved 1048576K
}
Event: 10.431 GC heap after
{Heap after GC invocations=19 (full 0):
 garbage-first heap   total 89088K, used 26624K [0x0000000682200000, 0x0000000800000000)
  region size 1024K, 5 young (5120K), 5 survivors (5120K)
 Metaspace       used 49034K, capacity 50642K, committed 50808K, reserved 1093632K
  class space    used 6862K, capacity 7476K, committed 7544K, reserved 1048576K
}
Event: 14.373 GC heap before
{Heap before GC invocations=19 (full 0):
 garbage-first heap   total 89088K, used 69632K [0x0000000682200000, 0x0000000800000000)
  region size 1024K, 48 young (49152K), 5 survivors (5120K)
 Metaspace       used 53483K, capacity 55230K, committed 55288K, reserved 1095680K
  class space    used 7433K, capacity 8127K, committed 8184K, reserved 1048576K
}
Event: 14.377 GC heap after
{Heap after GC invocations=20 (full 0):
 garbage-first heap   total 89088K, used 29205K [0x0000000682200000, 0x0000000800000000)
  region size 1024K, 5 young (5120K), 5 survivors (5120K)
 Metaspace       used 53483K, capacity 55230K, committed 55288K, reserved 1095680K
  class space    used 7433K, capacity 8127K, committed 8184K, reserved 1048576K
}
Event: 14.681 GC heap before
{Heap before GC invocations=20 (full 0):
 garbage-first heap   total 89088K, used 49685K [0x0000000682200000, 0x0000000800000000)
  region size 1024K, 27 young (27648K), 5 survivors (5120K)
 Metaspace       used 57721K, capacity 59814K, committed 59896K, reserved 1099776K
  class space    used 8056K, capacity 8896K, committed 8952K, reserved 1048576K
}
Event: 14.685 GC heap after
{Heap after GC invocations=21 (full 0):
 garbage-first heap   total 89088K, used 30911K [0x0000000682200000, 0x0000000800000000)
  region size 1024K, 5 young (5120K), 5 survivors (5120K)
 Metaspace       used 57721K, capacity 59814K, committed 59896K, reserved 1099776K
  class space    used 8056K, capacity 8896K, committed 8952K, reserved 1048576K
}

